<?xml version="1.0" encoding="UTF-8"?>
<!-- Generated by org.testng.reporters.JUnitReportReporter -->
<testsuite skipped="0" hostname="DESKTOP-GVHQ29R" name="AutomationFW.TestCase_WISELogin" tests="9" failures="2" timestamp="04 Aug 2018 21:31:25 GMT" time="81.843" errors="1">
  <testcase name="LoginToWise" time="25.501" classname="AutomationFW.TestCase_WISELogin"/>
  <testcase name="SearchSKU" time="7.589" classname="AutomationFW.TestCase_WISELogin"/>
  <testcase name="NavigateToPDPPage" time="4.555" classname="AutomationFW.TestCase_WISELogin"/>
  <testcase name="PDPPage_TabsDIsplay" time="9.372" classname="AutomationFW.TestCase_WISELogin"/>
  <testcase name="NavigateToHomePage" time="4.060" classname="AutomationFW.TestCase_WISELogin"/>
  <testcase name="DocICSearch_ProductDocument" time="6.016" classname="AutomationFW.TestCase_WISELogin"/>
  <testcase name="DocumentRendering_ProductDocument" time="4.522" classname="AutomationFW.TestCase_WISELogin">
    <failure type="java.lang.AssertionError" message="Assert Failed expected [HP DeskJet, ENVY 5540 Printers - Paper Jam Error] but found [HP Printers - &#039;Paper Jam&#039; Error]">
      <![CDATA[java.lang.AssertionError: Assert Failed expected [HP DeskJet, ENVY 5540 Printers - Paper Jam Error] but found [HP Printers - 'Paper Jam' Error]
at org.testng.Assert.fail(Assert.java:96)
at org.testng.Assert.failNotEquals(Assert.java:776)
at org.testng.Assert.assertEqualsImpl(Assert.java:137)
at org.testng.Assert.assertEquals(Assert.java:118)
at org.testng.Assert.assertEquals(Assert.java:453)
at ReusableLibraryActions.AssertCls.AssertText(AssertCls.java:76)
at AutomationFW.TestCase_WISELogin.DocumentRendering_ProductDocument(TestCase_WISELogin.java:286)
at sun.reflect.NativeMethodAccessorImpl.invoke0(Native Method)
at sun.reflect.NativeMethodAccessorImpl.invoke(NativeMethodAccessorImpl.java:62)
at sun.reflect.DelegatingMethodAccessorImpl.invoke(DelegatingMethodAccessorImpl.java:43)
at java.lang.reflect.Method.invoke(Method.java:498)
at org.testng.internal.MethodInvocationHelper.invokeMethod(MethodInvocationHelper.java:124)
at org.testng.internal.Invoker.invokeMethod(Invoker.java:583)
at org.testng.internal.Invoker.invokeTestMethod(Invoker.java:719)
at org.testng.internal.Invoker.invokeTestMethods(Invoker.java:989)
at org.testng.internal.TestMethodWorker.invokeTestMethods(TestMethodWorker.java:125)
at org.testng.internal.TestMethodWorker.run(TestMethodWorker.java:109)
at java.util.concurrent.ThreadPoolExecutor.runWorker(ThreadPoolExecutor.java:1149)
at java.util.concurrent.ThreadPoolExecutor$Worker.run(ThreadPoolExecutor.java:624)
at java.lang.Thread.run(Thread.java:748)
]]>
    </failure>
  </testcase> <!-- DocumentRendering_ProductDocument -->
  <testcase name="Rating_ProductDocument" time="10.081" classname="AutomationFW.TestCase_WISELogin">
    <failure type="java.lang.AssertionError">
      <![CDATA[java.lang.AssertionError
at AutomationFW.TestCase_WISELogin.Rating_ProductDocument(TestCase_WISELogin.java:323)
at sun.reflect.NativeMethodAccessorImpl.invoke0(Native Method)
at sun.reflect.NativeMethodAccessorImpl.invoke(NativeMethodAccessorImpl.java:62)
at sun.reflect.DelegatingMethodAccessorImpl.invoke(DelegatingMethodAccessorImpl.java:43)
at java.lang.reflect.Method.invoke(Method.java:498)
at org.testng.internal.MethodInvocationHelper.invokeMethod(MethodInvocationHelper.java:124)
at org.testng.internal.Invoker.invokeMethod(Invoker.java:583)
at org.testng.internal.Invoker.invokeTestMethod(Invoker.java:719)
at org.testng.internal.Invoker.invokeTestMethods(Invoker.java:989)
at org.testng.internal.TestMethodWorker.invokeTestMethods(TestMethodWorker.java:125)
at org.testng.internal.TestMethodWorker.run(TestMethodWorker.java:109)
at java.util.concurrent.ThreadPoolExecutor.runWorker(ThreadPoolExecutor.java:1149)
at java.util.concurrent.ThreadPoolExecutor$Worker.run(ThreadPoolExecutor.java:624)
at java.lang.Thread.run(Thread.java:748)
]]>
    </failure>
  </testcase> <!-- Rating_ProductDocument -->
  <testcase name="Feedback_ProductDocument" time="10.147" classname="AutomationFW.TestCase_WISELogin">
    <error type="java.lang.NullPointerException">
      <![CDATA[java.lang.NullPointerException
at ReusableLibraryActions.Click_Action.Btn_Click(Click_Action.java:29)
at AutomationFW.TestCase_WISELogin.Feedback_ProductDocument(TestCase_WISELogin.java:336)
at sun.reflect.NativeMethodAccessorImpl.invoke0(Native Method)
at sun.reflect.NativeMethodAccessorImpl.invoke(NativeMethodAccessorImpl.java:62)
at sun.reflect.DelegatingMethodAccessorImpl.invoke(DelegatingMethodAccessorImpl.java:43)
at java.lang.reflect.Method.invoke(Method.java:498)
at org.testng.internal.MethodInvocationHelper.invokeMethod(MethodInvocationHelper.java:124)
at org.testng.internal.Invoker.invokeMethod(Invoker.java:583)
at org.testng.internal.Invoker.invokeTestMethod(Invoker.java:719)
at org.testng.internal.Invoker.invokeTestMethods(Invoker.java:989)
at org.testng.internal.TestMethodWorker.invokeTestMethods(TestMethodWorker.java:125)
at org.testng.internal.TestMethodWorker.run(TestMethodWorker.java:109)
at java.util.concurrent.ThreadPoolExecutor.runWorker(ThreadPoolExecutor.java:1149)
at java.util.concurrent.ThreadPoolExecutor$Worker.run(ThreadPoolExecutor.java:624)
at java.lang.Thread.run(Thread.java:748)
]]>
    </error>
  </testcase> <!-- Feedback_ProductDocument -->
</testsuite> <!-- AutomationFW.TestCase_WISELogin -->
