<?xml version="1.0" encoding="UTF-8"?>
<!-- Generated by org.testng.reporters.JUnitReportReporter -->
<testsuite skipped="0" hostname="DESKTOP-GVHQ29R" name="AutomationFW.TestCase_WISELogin" tests="8" failures="1" timestamp="02 Aug 2018 22:56:08 GMT" time="69.931" errors="0">
  <testcase name="LoginToWise" time="24.391" classname="AutomationFW.TestCase_WISELogin"/>
  <testcase name="SearchSKU" time="7.648" classname="AutomationFW.TestCase_WISELogin"/>
  <testcase name="NavigateToPDPPage" time="4.482" classname="AutomationFW.TestCase_WISELogin"/>
  <testcase name="PDPPage_TabsDIsplay" time="9.072" classname="AutomationFW.TestCase_WISELogin"/>
  <testcase name="NavigateToHomePage" time="4.090" classname="AutomationFW.TestCase_WISELogin"/>
  <testcase name="DocICSearch_ProductDocument" time="5.467" classname="AutomationFW.TestCase_WISELogin"/>
  <testcase name="DocumentRendering_ProductDocument" time="4.574" classname="AutomationFW.TestCase_WISELogin"/>
  <testcase name="Rating_ProductDocument" time="10.207" classname="AutomationFW.TestCase_WISELogin">
    <failure type="java.lang.AssertionError">
      <![CDATA[java.lang.AssertionError
at AutomationFW.TestCase_WISELogin.Rating_ProductDocument(TestCase_WISELogin.java:321)
at sun.reflect.NativeMethodAccessorImpl.invoke0(Native Method)
at sun.reflect.NativeMethodAccessorImpl.invoke(NativeMethodAccessorImpl.java:62)
at sun.reflect.DelegatingMethodAccessorImpl.invoke(DelegatingMethodAccessorImpl.java:43)
at java.lang.reflect.Method.invoke(Method.java:498)
at org.testng.internal.MethodInvocationHelper.invokeMethod(MethodInvocationHelper.java:124)
at org.testng.internal.Invoker.invokeMethod(Invoker.java:583)
at org.testng.internal.Invoker.invokeTestMethod(Invoker.java:719)
at org.testng.internal.Invoker.invokeTestMethods(Invoker.java:989)
at org.testng.internal.TestMethodWorker.invokeTestMethods(TestMethodWorker.java:125)
at org.testng.internal.TestMethodWorker.run(TestMethodWorker.java:109)
at java.util.concurrent.ThreadPoolExecutor.runWorker(ThreadPoolExecutor.java:1149)
at java.util.concurrent.ThreadPoolExecutor$Worker.run(ThreadPoolExecutor.java:624)
at java.lang.Thread.run(Thread.java:748)
]]>
    </failure>
  </testcase> <!-- Rating_ProductDocument -->
</testsuite> <!-- AutomationFW.TestCase_WISELogin -->
