<?xml version="1.0" encoding="UTF-8"?>
<!-- Generated by org.testng.reporters.JUnitReportReporter -->
<testsuite name="AutomationFW.TestCase_WISELogin" tests="29" time="209.323" ignored="0" failures="3" timestamp="18 Sep 2018 14:03:29 GMT" skipped="1" hostname="USHYDANUJKSING5" errors="2">
  <testcase name="Search_ByProductTerm_ProdContext" time="8.070" classname="AutomationFW.TestCase_WISELogin"/>
  <testcase name="Verify_Link_Display" time="3.086" classname="AutomationFW.TestCase_WISELogin"/>
  <testcase name="DocumentRendering_ManualDocument" time="5.313" classname="AutomationFW.TestCase_WISELogin"/>
  <testcase name="LoginToWise" time="29.969" classname="AutomationFW.TestCase_WISELogin">
    <failure type="java.lang.AssertionError">
      <![CDATA[java.lang.AssertionError
	at ReusableLibraryActions.ObjectFound.ObjectFoundOnThePage(ObjectFound.java:132)
	at AutomationFW.TestCase_WISELogin.LoginToWise(TestCase_WISELogin.java:86)
	at sun.reflect.NativeMethodAccessorImpl.invoke0(Native Method)
	at sun.reflect.NativeMethodAccessorImpl.invoke(NativeMethodAccessorImpl.java:62)
	at sun.reflect.DelegatingMethodAccessorImpl.invoke(DelegatingMethodAccessorImpl.java:43)
	at java.lang.reflect.Method.invoke(Method.java:498)
	at org.testng.internal.MethodInvocationHelper.invokeMethod(MethodInvocationHelper.java:104)
	at org.testng.internal.Invoker.invokeMethod(Invoker.java:645)
	at org.testng.internal.Invoker.invokeTestMethod(Invoker.java:851)
	at org.testng.internal.Invoker.invokeTestMethods(Invoker.java:1177)
	at org.testng.internal.TestMethodWorker.invokeTestMethods(TestMethodWorker.java:129)
	at org.testng.internal.TestMethodWorker.run(TestMethodWorker.java:112)
	at java.util.concurrent.ThreadPoolExecutor.runWorker(ThreadPoolExecutor.java:1149)
	at java.util.concurrent.ThreadPoolExecutor$Worker.run(ThreadPoolExecutor.java:624)
	at java.lang.Thread.run(Thread.java:748)
]]>
    </failure>
  </testcase> <!-- LoginToWise -->
  <testcase name="Rating_ProcessDocument" time="3.955" classname="AutomationFW.TestCase_WISELogin"/>
  <testcase name="PDPPage_TabsDIsplay" time="21.322" classname="AutomationFW.TestCase_WISELogin">
    <failure type="java.lang.AssertionError" message="null">
      <![CDATA[java.lang.AssertionError: null
	at org.testng.Assert.fail(Assert.java:94)
	at org.testng.Assert.fail(Assert.java:101)
	at ReusableLibraryActions.AssertCls.AssertText(AssertCls.java:129)
	at AutomationFW.TestCase_WISELogin.PDPPage_TabsDIsplay(TestCase_WISELogin.java:226)
	at sun.reflect.NativeMethodAccessorImpl.invoke0(Native Method)
	at sun.reflect.NativeMethodAccessorImpl.invoke(NativeMethodAccessorImpl.java:62)
	at sun.reflect.DelegatingMethodAccessorImpl.invoke(DelegatingMethodAccessorImpl.java:43)
	at java.lang.reflect.Method.invoke(Method.java:498)
	at org.testng.internal.MethodInvocationHelper.invokeMethod(MethodInvocationHelper.java:104)
	at org.testng.internal.Invoker.invokeMethod(Invoker.java:645)
	at org.testng.internal.Invoker.invokeTestMethod(Invoker.java:851)
	at org.testng.internal.Invoker.invokeTestMethods(Invoker.java:1177)
	at org.testng.internal.TestMethodWorker.invokeTestMethods(TestMethodWorker.java:129)
	at org.testng.internal.TestMethodWorker.run(TestMethodWorker.java:112)
	at java.util.concurrent.ThreadPoolExecutor.runWorker(ThreadPoolExecutor.java:1149)
	at java.util.concurrent.ThreadPoolExecutor$Worker.run(ThreadPoolExecutor.java:624)
	at java.lang.Thread.run(Thread.java:748)
]]>
    </failure>
  </testcase> <!-- PDPPage_TabsDIsplay -->
  <testcase name="DocIDSearch_ProcessDocument" time="6.011" classname="AutomationFW.TestCase_WISELogin"/>
  <testcase name="Rating_ProductDocument" time="2.236" classname="AutomationFW.TestCase_WISELogin"/>
  <testcase name="UIExperiance_Toogle" time="29.099" classname="AutomationFW.TestCase_WISELogin"/>
  <testcase name="DocIDSearch_ManualDocument" time="5.980" classname="AutomationFW.TestCase_WISELogin"/>
  <testcase name="Verify_HPLogo_Display" time="1.080" classname="AutomationFW.TestCase_WISELogin"/>
  <testcase name="DocumentRendering_ProductDocument" time="5.633" classname="AutomationFW.TestCase_WISELogin"/>
  <testcase name="Verify_ProductTab_Display" time="3.088" classname="AutomationFW.TestCase_WISELogin"/>
  <testcase name="Verify_SitMap_Displayed" time="3.062" classname="AutomationFW.TestCase_WISELogin"/>
  <testcase name="SearchSKU" time="0.000" classname="AutomationFW.TestCase_WISELogin">
    <skipped/>
  </testcase> <!-- SearchSKU -->
  <testcase name="NavigateToHomePage" time="5.380" classname="AutomationFW.TestCase_WISELogin"/>
  <testcase name="Verify_Tool_Display" time="3.127" classname="AutomationFW.TestCase_WISELogin"/>
  <testcase name="Verify_ProcessTab_Display" time="3.102" classname="AutomationFW.TestCase_WISELogin"/>
  <testcase name="Verify_Copyright_Displayed" time="3.094" classname="AutomationFW.TestCase_WISELogin"/>
  <testcase name="Verify_PrivacyLink_Displayed" time="3.099" classname="AutomationFW.TestCase_WISELogin"/>
  <testcase name="Verify_TermOfUse_Displayed" time="3.095" classname="AutomationFW.TestCase_WISELogin"/>
  <testcase name="NavigateToPDPPage" time="12.113" classname="AutomationFW.TestCase_WISELogin">
    <error type="java.lang.ArrayIndexOutOfBoundsException" message="1">
      <![CDATA[java.lang.ArrayIndexOutOfBoundsException: 1
	at AutomationFW.TestCase_WISELogin.NavigateToPDPPage(TestCase_WISELogin.java:191)
	at sun.reflect.NativeMethodAccessorImpl.invoke0(Native Method)
	at sun.reflect.NativeMethodAccessorImpl.invoke(NativeMethodAccessorImpl.java:62)
	at sun.reflect.DelegatingMethodAccessorImpl.invoke(DelegatingMethodAccessorImpl.java:43)
	at java.lang.reflect.Method.invoke(Method.java:498)
	at org.testng.internal.MethodInvocationHelper.invokeMethod(MethodInvocationHelper.java:104)
	at org.testng.internal.Invoker.invokeMethod(Invoker.java:645)
	at org.testng.internal.Invoker.invokeTestMethod(Invoker.java:851)
	at org.testng.internal.Invoker.invokeTestMethods(Invoker.java:1177)
	at org.testng.internal.TestMethodWorker.invokeTestMethods(TestMethodWorker.java:129)
	at org.testng.internal.TestMethodWorker.run(TestMethodWorker.java:112)
	at java.util.concurrent.ThreadPoolExecutor.runWorker(ThreadPoolExecutor.java:1149)
	at java.util.concurrent.ThreadPoolExecutor$Worker.run(ThreadPoolExecutor.java:624)
	at java.lang.Thread.run(Thread.java:748)
]]>
    </error>
  </testcase> <!-- NavigateToPDPPage -->
  <testcase name="Feedback_ProductDocument" time="10.250" classname="AutomationFW.TestCase_WISELogin"/>
  <testcase name="Verify_PDPImage" time="12.222" classname="AutomationFW.TestCase_WISELogin">
    <failure type="java.lang.AssertionError">
      <![CDATA[java.lang.AssertionError
	at ReusableLibraryActions.ObjectFound.ObjectFoundOnThePage(ObjectFound.java:132)
	at AutomationFW.TestCase_WISELogin.Verify_PDPImage(TestCase_WISELogin.java:687)
	at sun.reflect.NativeMethodAccessorImpl.invoke0(Native Method)
	at sun.reflect.NativeMethodAccessorImpl.invoke(NativeMethodAccessorImpl.java:62)
	at sun.reflect.DelegatingMethodAccessorImpl.invoke(DelegatingMethodAccessorImpl.java:43)
	at java.lang.reflect.Method.invoke(Method.java:498)
	at org.testng.internal.MethodInvocationHelper.invokeMethod(MethodInvocationHelper.java:104)
	at org.testng.internal.Invoker.invokeMethod(Invoker.java:645)
	at org.testng.internal.Invoker.invokeTestMethod(Invoker.java:851)
	at org.testng.internal.Invoker.invokeTestMethods(Invoker.java:1177)
	at org.testng.internal.TestMethodWorker.invokeTestMethods(TestMethodWorker.java:129)
	at org.testng.internal.TestMethodWorker.run(TestMethodWorker.java:112)
	at java.util.concurrent.ThreadPoolExecutor.runWorker(ThreadPoolExecutor.java:1149)
	at java.util.concurrent.ThreadPoolExecutor$Worker.run(ThreadPoolExecutor.java:624)
	at java.lang.Thread.run(Thread.java:748)
]]>
    </failure>
  </testcase> <!-- Verify_PDPImage -->
  <testcase name="DocumentRendering_ProcessDocument" time="6.365" classname="AutomationFW.TestCase_WISELogin"/>
  <testcase name="Verify_ProdutBuilder_TMS" time="2.047" classname="AutomationFW.TestCase_WISELogin">
    <error type="java.lang.NoSuchMethodError" message="org.openqa.selenium.support.ui.WebDriverWait.until(Lcom/google/common/base/Function;)Ljava/lang/Object;">
      <![CDATA[java.lang.NoSuchMethodError: org.openqa.selenium.support.ui.WebDriverWait.until(Lcom/google/common/base/Function;)Ljava/lang/Object;
	at ReusableLibraryActions.Actions_PageFactory.buttonClick_PageFactory(Actions_PageFactory.java:43)
	at AutomationFW.TestCase_WISELogin.Verify_ProdutBuilder_TMS(TestCase_WISELogin.java:897)
	at sun.reflect.NativeMethodAccessorImpl.invoke0(Native Method)
	at sun.reflect.NativeMethodAccessorImpl.invoke(NativeMethodAccessorImpl.java:62)
	at sun.reflect.DelegatingMethodAccessorImpl.invoke(DelegatingMethodAccessorImpl.java:43)
	at java.lang.reflect.Method.invoke(Method.java:498)
	at org.testng.internal.MethodInvocationHelper.invokeMethod(MethodInvocationHelper.java:104)
	at org.testng.internal.Invoker.invokeMethod(Invoker.java:645)
	at org.testng.internal.Invoker.invokeTestMethod(Invoker.java:851)
	at org.testng.internal.Invoker.invokeTestMethods(Invoker.java:1177)
	at org.testng.internal.TestMethodWorker.invokeTestMethods(TestMethodWorker.java:129)
	at org.testng.internal.TestMethodWorker.run(TestMethodWorker.java:112)
	at java.util.concurrent.ThreadPoolExecutor.runWorker(ThreadPoolExecutor.java:1149)
	at java.util.concurrent.ThreadPoolExecutor$Worker.run(ThreadPoolExecutor.java:624)
	at java.lang.Thread.run(Thread.java:748)
]]>
    </error>
  </testcase> <!-- Verify_ProdutBuilder_TMS -->
  <testcase name="Verify_FooterSection_Displayed" time="1.058" classname="AutomationFW.TestCase_WISELogin"/>
  <testcase name="DocIDSearch_ProductDocument" time="6.238" classname="AutomationFW.TestCase_WISELogin"/>
  <testcase name="Feedback_ProcessDocument" time="10.229" classname="AutomationFW.TestCase_WISELogin"/>
</testsuite> <!-- AutomationFW.TestCase_WISELogin -->
