<?xml version="1.0" encoding="UTF-8"?>
<!-- Generated by org.testng.reporters.JUnitReportReporter -->
<testsuite skipped="0" hostname="DESKTOP-GVHQ29R" name="AutomationFW.TestCase_WISELogin" tests="29" failures="1" timestamp="03 Sep 2018 18:07:15 GMT" time="166.761" errors="0">
  <testcase name="LoginToWise" time="28.767" classname="AutomationFW.TestCase_WISELogin"/>
  <testcase name="SearchSKU" time="7.381" classname="AutomationFW.TestCase_WISELogin"/>
  <testcase name="NavigateToPDPPage" time="4.639" classname="AutomationFW.TestCase_WISELogin"/>
  <testcase name="PDPPage_TabsDIsplay" time="9.423" classname="AutomationFW.TestCase_WISELogin"/>
  <testcase name="NavigateToHomePage" time="4.080" classname="AutomationFW.TestCase_WISELogin"/>
  <testcase name="DocICSearch_ProductDocument" time="5.035" classname="AutomationFW.TestCase_WISELogin"/>
  <testcase name="DocumentRendering_ProductDocument" time="4.497" classname="AutomationFW.TestCase_WISELogin"/>
  <testcase name="Rating_ProductDocument" time="1.342" classname="AutomationFW.TestCase_WISELogin"/>
  <testcase name="Feedback_ProductDocument" time="5.684" classname="AutomationFW.TestCase_WISELogin"/>
  <testcase name="DocIDSearch_ProcessDocument" time="5.281" classname="AutomationFW.TestCase_WISELogin"/>
  <testcase name="DocumentRendering_ProcessDocument" time="6.478" classname="AutomationFW.TestCase_WISELogin"/>
  <testcase name="DocIDSearch_ManualDocument" time="5.161" classname="AutomationFW.TestCase_WISELogin"/>
  <testcase name="DocumentRendering_ManualDocument" time="5.490" classname="AutomationFW.TestCase_WISELogin"/>
  <testcase name="Rating_ProcessDocument" time="3.004" classname="AutomationFW.TestCase_WISELogin"/>
  <testcase name="Feedback_ProcessDocument" time="5.581" classname="AutomationFW.TestCase_WISELogin"/>
  <testcase name="Search_ByProductTerm_ProdContext" time="7.265" classname="AutomationFW.TestCase_WISELogin"/>
  <testcase name="Verify_PDPImage" time="12.478" classname="AutomationFW.TestCase_WISELogin"/>
  <testcase name="Verify_Tool_Display" time="3.103" classname="AutomationFW.TestCase_WISELogin"/>
  <testcase name="Verify_Link_Display" time="3.082" classname="AutomationFW.TestCase_WISELogin"/>
  <testcase name="UIExperiance_Toogle" time="2.615" classname="AutomationFW.TestCase_WISELogin">
    <failure type="java.lang.AssertionError" message="Assert WebElement object is not found-check Xpath or Object is not displayed on the Page! expected [true] but found [false]">
      <![CDATA[java.lang.AssertionError: Assert WebElement object is not found-check Xpath or Object is not displayed on the Page! expected [true] but found [false]
at org.testng.Assert.fail(Assert.java:96)
at org.testng.Assert.failNotEquals(Assert.java:776)
at org.testng.Assert.assertTrue(Assert.java:44)
at ReusableLibraryActions.AssertCls.AssertText(AssertCls.java:88)
at AutomationFW.TestCase_WISELogin.UIExperiance_Toogle(TestCase_WISELogin.java:745)
at sun.reflect.NativeMethodAccessorImpl.invoke0(Native Method)
at sun.reflect.NativeMethodAccessorImpl.invoke(NativeMethodAccessorImpl.java:62)
at sun.reflect.DelegatingMethodAccessorImpl.invoke(DelegatingMethodAccessorImpl.java:43)
at java.lang.reflect.Method.invoke(Method.java:498)
at org.testng.internal.MethodInvocationHelper.invokeMethod(MethodInvocationHelper.java:124)
at org.testng.internal.Invoker.invokeMethod(Invoker.java:583)
at org.testng.internal.Invoker.invokeTestMethod(Invoker.java:719)
at org.testng.internal.Invoker.invokeTestMethods(Invoker.java:989)
at org.testng.internal.TestMethodWorker.invokeTestMethods(TestMethodWorker.java:125)
at org.testng.internal.TestMethodWorker.run(TestMethodWorker.java:109)
at java.util.concurrent.ThreadPoolExecutor.runWorker(ThreadPoolExecutor.java:1149)
at java.util.concurrent.ThreadPoolExecutor$Worker.run(ThreadPoolExecutor.java:624)
at java.lang.Thread.run(Thread.java:748)
]]>
    </failure>
  </testcase> <!-- UIExperiance_Toogle -->
  <testcase name="Verify_ProcessTab_Display" time="3.151" classname="AutomationFW.TestCase_WISELogin"/>
  <testcase name="Verify_ProductTab_Display" time="3.156" classname="AutomationFW.TestCase_WISELogin"/>
  <testcase name="Verify_HPLogo_Display" time="1.094" classname="AutomationFW.TestCase_WISELogin"/>
  <testcase name="Verify_FooterSection_Displayed" time="1.062" classname="AutomationFW.TestCase_WISELogin"/>
  <testcase name="Verify_SitMap_Displayed" time="3.093" classname="AutomationFW.TestCase_WISELogin"/>
  <testcase name="Verify_TermOfUse_Displayed" time="3.185" classname="AutomationFW.TestCase_WISELogin"/>
  <testcase name="Verify_PrivacyLink_Displayed" time="3.107" classname="AutomationFW.TestCase_WISELogin"/>
  <testcase name="Verify_Copyright_Displayed" time="3.108" classname="AutomationFW.TestCase_WISELogin"/>
  <testcase name="Verify_ProdutBuilder_TMS" time="15.419" classname="AutomationFW.TestCase_WISELogin"/>
</testsuite> <!-- AutomationFW.TestCase_WISELogin -->
